<?xml version="1.0" encoding="UTF-8"?>
<!-- Generated by org.testng.reporters.JUnitXMLReporter -->
<testsuite hostname="Admin" ignored="0" name="Default test" tests="4" failures="0" timestamp="30 Mar 2018 09:46:15 GMT" time="0.078" errors="0">
  <testcase name="A" time="0.016" classname="testngpractise.DependOnMethod"/>
  <testcase name="m" time="0.003" classname="testngpractise.DependOnMethod"/>
  <testcase name="a" time="0.005" classname="testngpractise.DependOnMethod"/>
  <testcase name="b" time="0.003" classname="testngpractise.DependOnMethod"/>
</testsuite> <!-- Default test -->
