<?xml version="1.0" encoding="UTF-8"?>
<testng-results skipped="0" failed="0" ignored="0" total="1" passed="1">
  <reporter-output>
  </reporter-output>
  <suite name="Suite" duration-ms="33703" started-at="2018-03-31T07:05:10Z" finished-at="2018-03-31T07:05:44Z">
    <groups>
    </groups>
    <test name="Test" duration-ms="33703" started-at="2018-03-31T07:05:10Z" finished-at="2018-03-31T07:05:44Z">
      <class name="scripts.TestValidLogin">
        <test-method status="PASS" signature="openApplication()[pri:0, instance:scripts.TestValidLogin@131276c2]" name="openApplication" is-config="true" duration-ms="18886" started-at="2018-03-31T07:05:10Z" finished-at="2018-03-31T07:05:29Z">
          <reporter-output>
          </reporter-output>
        </test-method> <!-- openApplication -->
        <test-method status="PASS" signature="testValidLogin()[pri:0, instance:scripts.TestValidLogin@131276c2]" name="testValidLogin" duration-ms="9300" started-at="2018-03-31T07:05:29Z" finished-at="2018-03-31T07:05:38Z">
          <reporter-output>
          </reporter-output>
        </test-method> <!-- testValidLogin -->
        <test-method status="PASS" signature="closeApplication(org.testng.ITestResult)[pri:0, instance:scripts.TestValidLogin@131276c2]" name="closeApplication" is-config="true" duration-ms="5493" started-at="2018-03-31T07:05:38Z" finished-at="2018-03-31T07:05:44Z">
          <params>
            <param index="0">
              <value>
                <![CDATA[[TestResult name=testValidLogin status=SUCCESS method=TestValidLogin.testValidLogin()[pri:0, instance:scripts.TestValidLogin@131276c2] output={null}]]]>
              </value>
            </param>
          </params>
          <reporter-output>
          </reporter-output>
        </test-method> <!-- closeApplication -->
      </class> <!-- scripts.TestValidLogin -->
    </test> <!-- Test -->
  </suite> <!-- Suite -->
</testng-results>
